<?xml version="1.0" encoding="UTF-8"?>
<!-- Generated by org.testng.reporters.JUnitReportReporter -->
<testsuite hostname="DESKTOP-9PJRJIT" failures="0" tests="1" name="flowNHSTest.NhsFlowTest" time="5.835" errors="0" timestamp="2021-02-07T19:41:46 GMT" skipped="0">
  <testcase classname="flowNHSTest.NhsFlowTest" name="positiveFlowTest" time="5.835"/>
  <system-out/>
</testsuite> <!-- flowNHSTest.NhsFlowTest -->
