<?xml version="1.0" encoding="UTF-8"?>
<!-- Generated by org.testng.reporters.JUnitReportReporter -->
<testsuite hostname="DESKTOP-9PJRJIT" failures="0" tests="1" name="NHSSBA.NHS.HomePage" time="2.778" errors="0" timestamp="2021-02-07T13:17:40 GMT" skipped="0">
  <testcase classname="NHSSBA.NHS.HomePage" name="navigateToHomePage" time="2.778"/>
  <system-out/>
</testsuite> <!-- NHSSBA.NHS.HomePage -->
